<?xml version="1.0" encoding="UTF-8"?>
<testng-results skipped="0" failed="0" ignored="0" total="2" passed="2">
  <reporter-output>
  </reporter-output>
  <suite name="Default suite" duration-ms="7793" started-at="2020-02-24T18:53:57Z" finished-at="2020-02-24T18:54:05Z">
    <groups>
    </groups>
    <test name="Default test" duration-ms="7793" started-at="2020-02-24T18:53:57Z" finished-at="2020-02-24T18:54:05Z">
      <class name="osnovno.ProveriNaslovTest">
        <test-method status="PASS" signature="beforeSuite()[pri:0, instance:osnovno.ProveriNaslovTest@23ceabc1]" name="beforeSuite" is-config="true" duration-ms="5" started-at="2020-02-24T19:53:57Z" finished-at="2020-02-24T19:53:57Z">
          <reporter-output>
          </reporter-output>
        </test-method> <!-- beforeSuite -->
        <test-method status="PASS" signature="beforeTest()[pri:0, instance:osnovno.ProveriNaslovTest@23ceabc1]" name="beforeTest" is-config="true" duration-ms="6008" started-at="2020-02-24T19:53:57Z" finished-at="2020-02-24T19:54:03Z">
          <reporter-output>
          </reporter-output>
        </test-method> <!-- beforeTest -->
        <test-method status="PASS" signature="NaslovJeOK()[pri:0, instance:osnovno.ProveriNaslovTest@23ceabc1]" name="NaslovJeOK" duration-ms="1730" started-at="2020-02-24T19:54:03Z" finished-at="2020-02-24T19:54:05Z">
          <reporter-output>
          </reporter-output>
        </test-method> <!-- NaslovJeOK -->
        <test-method status="PASS" signature="SigurnoJeOK()[pri:0, instance:osnovno.ProveriNaslovTest@23ceabc1]" name="SigurnoJeOK" duration-ms="1" started-at="2020-02-24T19:54:05Z" finished-at="2020-02-24T19:54:05Z">
          <reporter-output>
          </reporter-output>
        </test-method> <!-- SigurnoJeOK -->
        <test-method status="PASS" signature="afterTest()[pri:0, instance:osnovno.ProveriNaslovTest@23ceabc1]" name="afterTest" is-config="true" duration-ms="44" started-at="2020-02-24T19:54:05Z" finished-at="2020-02-24T19:54:05Z">
          <reporter-output>
          </reporter-output>
        </test-method> <!-- afterTest -->
        <test-method status="PASS" signature="afterSuite()[pri:0, instance:osnovno.ProveriNaslovTest@23ceabc1]" name="afterSuite" is-config="true" duration-ms="0" started-at="2020-02-24T19:54:05Z" finished-at="2020-02-24T19:54:05Z">
          <reporter-output>
          </reporter-output>
        </test-method> <!-- afterSuite -->
      </class> <!-- osnovno.ProveriNaslovTest -->
    </test> <!-- Default test -->
  </suite> <!-- Default suite -->
</testng-results>
