<?xml version="1.0" encoding="UTF-8"?>
<testng-results skipped="0" failed="0" ignored="0" total="2" passed="2">
  <reporter-output>
  </reporter-output>
  <suite name="Default suite" duration-ms="8968" started-at="2020-10-12T17:59:34 CEST" finished-at="2020-10-12T17:59:43 CEST">
    <groups>
    </groups>
    <test name="Default test" duration-ms="8968" started-at="2020-10-12T17:59:34 CEST" finished-at="2020-10-12T17:59:43 CEST">
      <class name="osnovno.ProveriNaslovTest">
        <test-method status="PASS" signature="beforeSuite()[pri:0, instance:osnovno.ProveriNaslovTest@67b92f0a]" name="beforeSuite" is-config="true" duration-ms="6" started-at="2020-10-12T17:59:34 CEST" finished-at="2020-10-12T17:59:34 CEST">
          <reporter-output>
          </reporter-output>
        </test-method> <!-- beforeSuite -->
        <test-method status="PASS" signature="beforeTest()[pri:0, instance:osnovno.ProveriNaslovTest@67b92f0a]" name="beforeTest" is-config="true" duration-ms="6107" started-at="2020-10-12T17:59:34 CEST" finished-at="2020-10-12T17:59:40 CEST">
          <reporter-output>
          </reporter-output>
        </test-method> <!-- beforeTest -->
        <test-method status="PASS" signature="NaslovJeOK()[pri:0, instance:osnovno.ProveriNaslovTest@67b92f0a]" name="NaslovJeOK" duration-ms="2780" started-at="2020-10-12T17:59:40 CEST" finished-at="2020-10-12T17:59:43 CEST">
          <reporter-output>
          </reporter-output>
        </test-method> <!-- NaslovJeOK -->
        <test-method status="PASS" signature="SigurnoJeOK()[pri:0, instance:osnovno.ProveriNaslovTest@67b92f0a]" name="SigurnoJeOK" duration-ms="2" started-at="2020-10-12T17:59:43 CEST" finished-at="2020-10-12T17:59:43 CEST">
          <reporter-output>
          </reporter-output>
        </test-method> <!-- SigurnoJeOK -->
        <test-method status="PASS" signature="afterTest()[pri:0, instance:osnovno.ProveriNaslovTest@67b92f0a]" name="afterTest" is-config="true" duration-ms="57" started-at="2020-10-12T17:59:43 CEST" finished-at="2020-10-12T17:59:43 CEST">
          <reporter-output>
          </reporter-output>
        </test-method> <!-- afterTest -->
        <test-method status="PASS" signature="afterSuite()[pri:0, instance:osnovno.ProveriNaslovTest@67b92f0a]" name="afterSuite" is-config="true" duration-ms="1" started-at="2020-10-12T17:59:43 CEST" finished-at="2020-10-12T17:59:43 CEST">
          <reporter-output>
          </reporter-output>
        </test-method> <!-- afterSuite -->
      </class> <!-- osnovno.ProveriNaslovTest -->
    </test> <!-- Default test -->
  </suite> <!-- Default suite -->
</testng-results>
